<?xml version="1.0" encoding="UTF-8"?>
<!-- Generated by org.testng.reporters.JUnitReportReporter -->
<testsuite hostname="P10-LAP-032" name="com.util.re_usables" tests="1" failures="0" timestamp="23 Mar 2018 14:04:49 GMT" time="10.789" errors="0">
  <testcase name="TestCases" time="10.789" classname="com.util.re_usables"/>
</testsuite> <!-- com.util.re_usables -->
